[debug] [2022-05-24T08:46:47.445Z] ----------------------------------------------------------------------
[debug] [2022-05-24T08:46:47.446Z] Command:       /opt/homebrew/Cellar/node/18.0.0/bin/node /opt/homebrew/bin/firebase deploy --only hosting
[debug] [2022-05-24T08:46:47.446Z] CLI Version:   11.0.0
[debug] [2022-05-24T08:46:47.446Z] Platform:      darwin
[debug] [2022-05-24T08:46:47.446Z] Node Version:  v18.0.0
[debug] [2022-05-24T08:46:47.447Z] Time:          Tue May 24 2022 17:46:47 GMT+0900 (Japan Standard Time)
[debug] [2022-05-24T08:46:47.447Z] ----------------------------------------------------------------------
[debug] 
[debug] [2022-05-24T08:46:47.477Z] > command requires scopes: ["email","openid","https://www.googleapis.com/auth/cloudplatformprojects.readonly","https://www.googleapis.com/auth/firebase","https://www.googleapis.com/auth/cloud-platform"]
[debug] [2022-05-24T08:46:47.477Z] > authorizing via signed-in user (mayeraus41@gmail.com)
[debug] [2022-05-24T08:46:47.477Z] [iam] checking project shopping-list-app-d0386 for permissions ["firebase.projects.get","firebasehosting.sites.update"]
[debug] [2022-05-24T08:46:47.477Z] > refreshing access token with scopes: []
[debug] [2022-05-24T08:46:47.478Z] >>> HTTP REQUEST POST https://www.googleapis.com/oauth2/v3/token  
 <request body omitted>
[debug] [2022-05-24T08:46:47.778Z] <<< HTTP RESPONSE 200 {"date":"Tue, 24 May 2022 08:46:48 GMT","cache-control":"no-cache, no-store, max-age=0, must-revalidate","expires":"Mon, 01 Jan 1990 00:00:00 GMT","pragma":"no-cache","content-type":"application/json; charset=utf-8","vary":"X-Origin, Referer, Origin,Accept-Encoding","server":"scaffolding on HTTPServer2","x-xss-protection":"0","x-frame-options":"SAMEORIGIN","x-content-type-options":"nosniff","alt-svc":"h3=\":443\"; ma=2592000,h3-29=\":443\"; ma=2592000,h3-Q050=\":443\"; ma=2592000,h3-Q046=\":443\"; ma=2592000,h3-Q043=\":443\"; ma=2592000,quic=\":443\"; ma=2592000; v=\"46,43\"","accept-ranges":"none","transfer-encoding":"chunked"}
[debug] [2022-05-24T08:46:47.826Z] >>> [apiv2][query] POST https://cloudresourcemanager.googleapis.com/v1/projects/shopping-list-app-d0386:testIamPermissions [none]
[debug] [2022-05-24T08:46:47.826Z] >>> [apiv2][body] POST https://cloudresourcemanager.googleapis.com/v1/projects/shopping-list-app-d0386:testIamPermissions {"permissions":["firebase.projects.get","firebasehosting.sites.update"]}
[debug] [2022-05-24T08:46:48.798Z] <<< [apiv2][status] POST https://cloudresourcemanager.googleapis.com/v1/projects/shopping-list-app-d0386:testIamPermissions 200
[debug] [2022-05-24T08:46:48.798Z] <<< [apiv2][body] POST https://cloudresourcemanager.googleapis.com/v1/projects/shopping-list-app-d0386:testIamPermissions {"permissions":["firebase.projects.get","firebasehosting.sites.update"]}
[debug] [2022-05-24T08:46:48.800Z] >>> [apiv2][query] GET https://firebase.googleapis.com/v1beta1/projects/shopping-list-app-d0386 [none]
[debug] [2022-05-24T08:46:49.268Z] <<< [apiv2][status] GET https://firebase.googleapis.com/v1beta1/projects/shopping-list-app-d0386 200
[debug] [2022-05-24T08:46:49.269Z] <<< [apiv2][body] GET https://firebase.googleapis.com/v1beta1/projects/shopping-list-app-d0386 {"projectId":"shopping-list-app-d0386","projectNumber":"302654429160","displayName":"shopping-list-app","name":"projects/shopping-list-app-d0386","resources":{"hostingSite":"shopping-list-app-d0386","realtimeDatabaseInstance":"shopping-list-app-d0386-default-rtdb"},"state":"ACTIVE"}
[info] 
[info] === Deploying to 'shopping-list-app-d0386'...
[info] 
[info] i  deploying hosting 
[debug] [2022-05-24T08:46:49.273Z] >>> [apiv2][query] GET https://firebase.googleapis.com/v1beta1/projects/shopping-list-app-d0386 [none]
[debug] [2022-05-24T08:46:49.812Z] <<< [apiv2][status] GET https://firebase.googleapis.com/v1beta1/projects/shopping-list-app-d0386 200
[debug] [2022-05-24T08:46:49.812Z] <<< [apiv2][body] GET https://firebase.googleapis.com/v1beta1/projects/shopping-list-app-d0386 {"projectId":"shopping-list-app-d0386","projectNumber":"302654429160","displayName":"shopping-list-app","name":"projects/shopping-list-app-d0386","resources":{"hostingSite":"shopping-list-app-d0386","realtimeDatabaseInstance":"shopping-list-app-d0386-default-rtdb"},"state":"ACTIVE"}
[debug] [2022-05-24T08:46:49.815Z] >>> [apiv2][query] POST https://firebasehosting.googleapis.com/v1beta1/projects/302654429160/sites/shopping-list-app-d0386/versions [none]
[debug] [2022-05-24T08:46:49.815Z] >>> [apiv2][body] POST https://firebasehosting.googleapis.com/v1beta1/projects/302654429160/sites/shopping-list-app-d0386/versions {"config":{"rewrites":[{"glob":"**","path":"/index.html"}]},"labels":{"deployment-tool":"cli-firebase"}}
[debug] [2022-05-24T08:46:51.166Z] <<< [apiv2][status] POST https://firebasehosting.googleapis.com/v1beta1/projects/302654429160/sites/shopping-list-app-d0386/versions 200
[debug] [2022-05-24T08:46:51.166Z] <<< [apiv2][body] POST https://firebasehosting.googleapis.com/v1beta1/projects/302654429160/sites/shopping-list-app-d0386/versions {"name":"projects/302654429160/sites/shopping-list-app-d0386/versions/15040dc70a4a4400","status":"CREATED","config":{"rewrites":[{"glob":"**","path":"/index.html"}]},"labels":{"deployment-tool":"cli-firebase"}}
[info] i  hosting[shopping-list-app-d0386]: beginning deploy... 
[info] i  hosting[shopping-list-app-d0386]: found 5 files in dist 
[debug] [2022-05-24T08:46:51.173Z] [hosting] uploading with 200 concurrency
[debug] [2022-05-24T08:46:51.203Z] [hosting] hash cache [ZGlzdA] stored for 5 files
[debug] [2022-05-24T08:46:51.204Z] [hosting][hash queue][FINAL] {"max":26,"min":0,"avg":7.4,"active":0,"complete":5,"success":5,"errored":0,"retried":0,"total":5,"elapsed":28}
[debug] [2022-05-24T08:46:51.204Z] >>> [apiv2][query] POST https://firebasehosting.googleapis.com/v1beta1/projects/302654429160/sites/shopping-list-app-d0386/versions/15040dc70a4a4400:populateFiles [none]
[debug] [2022-05-24T08:46:51.204Z] >>> [apiv2][body] POST https://firebasehosting.googleapis.com/v1beta1/projects/302654429160/sites/shopping-list-app-d0386/versions/15040dc70a4a4400:populateFiles {"files":{"/main.css":"f7070a9891de61e4381615801e47218d0ad9072a943db152a4649e693f22bf1a","/index.html":"6f64658484fe099328ea6021761e0fadcdcbf37ef3c9d53a8aa7f950b73035b1","/678.5f65e5ed949988c6d5a2.js.LICENSE.txt":"928a58a06ae208dbb9f3735475e92b6b3f757bdf39716b4e0a8c5fd6bf36de54","/main.5f65e5ed949988c6d5a2.js":"fccaab1b3cbbd782748dab0dd4c33bb128f1e46430135bb9c28181526a7dd0e1","/678.5f65e5ed949988c6d5a2.js":"d1e3d47c10aa1a52c5e9c7dedcd6cc88e4497ac2c010afa9343b5356edf9f09a"}}
[debug] [2022-05-24T08:46:52.370Z] <<< [apiv2][status] POST https://firebasehosting.googleapis.com/v1beta1/projects/302654429160/sites/shopping-list-app-d0386/versions/15040dc70a4a4400:populateFiles 200
[debug] [2022-05-24T08:46:52.371Z] <<< [apiv2][body] POST https://firebasehosting.googleapis.com/v1beta1/projects/302654429160/sites/shopping-list-app-d0386/versions/15040dc70a4a4400:populateFiles {"uploadRequiredHashes":["6f64658484fe099328ea6021761e0fadcdcbf37ef3c9d53a8aa7f950b73035b1","fccaab1b3cbbd782748dab0dd4c33bb128f1e46430135bb9c28181526a7dd0e1","d1e3d47c10aa1a52c5e9c7dedcd6cc88e4497ac2c010afa9343b5356edf9f09a"],"uploadUrl":"https://upload-firebasehosting.googleapis.com/upload/sites/shopping-list-app-d0386/versions/15040dc70a4a4400/files"}
[debug] [2022-05-24T08:46:52.374Z] >>> [apiv2][query] POST https://upload-firebasehosting.googleapis.com/upload/sites/shopping-list-app-d0386/versions/15040dc70a4a4400/files/6f64658484fe099328ea6021761e0fadcdcbf37ef3c9d53a8aa7f950b73035b1 [none]
[debug] [2022-05-24T08:46:52.374Z] >>> [apiv2][body] POST https://upload-firebasehosting.googleapis.com/upload/sites/shopping-list-app-d0386/versions/15040dc70a4a4400/files/6f64658484fe099328ea6021761e0fadcdcbf37ef3c9d53a8aa7f950b73035b1 [stream]
[debug] [2022-05-24T08:46:52.377Z] >>> [apiv2][query] POST https://upload-firebasehosting.googleapis.com/upload/sites/shopping-list-app-d0386/versions/15040dc70a4a4400/files/fccaab1b3cbbd782748dab0dd4c33bb128f1e46430135bb9c28181526a7dd0e1 [none]
[debug] [2022-05-24T08:46:52.377Z] >>> [apiv2][body] POST https://upload-firebasehosting.googleapis.com/upload/sites/shopping-list-app-d0386/versions/15040dc70a4a4400/files/fccaab1b3cbbd782748dab0dd4c33bb128f1e46430135bb9c28181526a7dd0e1 [stream]
[debug] [2022-05-24T08:46:52.378Z] >>> [apiv2][query] POST https://upload-firebasehosting.googleapis.com/upload/sites/shopping-list-app-d0386/versions/15040dc70a4a4400/files/d1e3d47c10aa1a52c5e9c7dedcd6cc88e4497ac2c010afa9343b5356edf9f09a [none]
[debug] [2022-05-24T08:46:52.378Z] >>> [apiv2][body] POST https://upload-firebasehosting.googleapis.com/upload/sites/shopping-list-app-d0386/versions/15040dc70a4a4400/files/d1e3d47c10aa1a52c5e9c7dedcd6cc88e4497ac2c010afa9343b5356edf9f09a [stream]
[debug] [2022-05-24T08:46:52.380Z] [hosting][populate queue][FINAL] {"max":1172,"min":1172,"avg":1172,"active":0,"complete":1,"success":1,"errored":0,"retried":0,"total":1,"elapsed":1178}
[debug] [2022-05-24T08:46:52.380Z] [hosting] uploads queued: 3
[debug] [2022-05-24T08:46:54.040Z] <<< [apiv2][status] POST https://upload-firebasehosting.googleapis.com/upload/sites/shopping-list-app-d0386/versions/15040dc70a4a4400/files/6f64658484fe099328ea6021761e0fadcdcbf37ef3c9d53a8aa7f950b73035b1 200
[debug] [2022-05-24T08:46:54.040Z] <<< [apiv2][body] POST https://upload-firebasehosting.googleapis.com/upload/sites/shopping-list-app-d0386/versions/15040dc70a4a4400/files/6f64658484fe099328ea6021761e0fadcdcbf37ef3c9d53a8aa7f950b73035b1 [stream]
[debug] [2022-05-24T08:46:54.244Z] <<< [apiv2][status] POST https://upload-firebasehosting.googleapis.com/upload/sites/shopping-list-app-d0386/versions/15040dc70a4a4400/files/d1e3d47c10aa1a52c5e9c7dedcd6cc88e4497ac2c010afa9343b5356edf9f09a 200
[debug] [2022-05-24T08:46:54.244Z] <<< [apiv2][body] POST https://upload-firebasehosting.googleapis.com/upload/sites/shopping-list-app-d0386/versions/15040dc70a4a4400/files/d1e3d47c10aa1a52c5e9c7dedcd6cc88e4497ac2c010afa9343b5356edf9f09a [stream]
[debug] [2022-05-24T08:46:55.039Z] <<< [apiv2][status] POST https://upload-firebasehosting.googleapis.com/upload/sites/shopping-list-app-d0386/versions/15040dc70a4a4400/files/fccaab1b3cbbd782748dab0dd4c33bb128f1e46430135bb9c28181526a7dd0e1 200
[debug] [2022-05-24T08:46:55.039Z] <<< [apiv2][body] POST https://upload-firebasehosting.googleapis.com/upload/sites/shopping-list-app-d0386/versions/15040dc70a4a4400/files/fccaab1b3cbbd782748dab0dd4c33bb128f1e46430135bb9c28181526a7dd0e1 [stream]
[debug] [2022-05-24T08:46:55.039Z] [hosting][upload queue][FINAL] {"max":2666,"min":1669,"avg":2069,"active":0,"complete":3,"success":3,"errored":0,"retried":0,"total":3,"elapsed":2668}
[info] ✔  hosting[shopping-list-app-d0386]: file upload complete 
[debug] [2022-05-24T08:46:55.040Z] [hosting] deploy completed after 3873ms
[debug] [2022-05-24T08:46:55.047Z] [
  {
    "config": {
      "public": "dist",
      "ignore": [
        "firebase.json",
        "**/.*",
        "**/node_modules/**"
      ],
      "rewrites": [
        {
          "source": "**",
          "destination": "/index.html"
        }
      ],
      "site": "shopping-list-app-d0386"
    },
    "site": "shopping-list-app-d0386",
    "version": "projects/302654429160/sites/shopping-list-app-d0386/versions/15040dc70a4a4400"
  }
]
[info] i  hosting[shopping-list-app-d0386]: finalizing version... 
[debug] [2022-05-24T08:46:55.048Z] >>> [apiv2][query] PATCH https://firebasehosting.googleapis.com/v1beta1/projects/302654429160/sites/shopping-list-app-d0386/versions/15040dc70a4a4400 updateMask=status%2Cconfig
[debug] [2022-05-24T08:46:55.049Z] >>> [apiv2][body] PATCH https://firebasehosting.googleapis.com/v1beta1/projects/302654429160/sites/shopping-list-app-d0386/versions/15040dc70a4a4400 {"status":"FINALIZED","config":{"rewrites":[{"glob":"**","path":"/index.html"}]}}
[debug] [2022-05-24T08:46:56.159Z] <<< [apiv2][status] PATCH https://firebasehosting.googleapis.com/v1beta1/projects/302654429160/sites/shopping-list-app-d0386/versions/15040dc70a4a4400 200
[debug] [2022-05-24T08:46:56.160Z] <<< [apiv2][body] PATCH https://firebasehosting.googleapis.com/v1beta1/projects/302654429160/sites/shopping-list-app-d0386/versions/15040dc70a4a4400 {"name":"projects/302654429160/sites/shopping-list-app-d0386/versions/15040dc70a4a4400","status":"FINALIZED","config":{"rewrites":[{"glob":"**","path":"/index.html"}]},"labels":{"deployment-tool":"cli-firebase"},"createTime":"2022-05-24T08:46:51.225749Z","createUser":{"email":"mayeraus41@gmail.com"},"finalizeTime":"2022-05-24T08:46:56.369885Z","finalizeUser":{"email":"mayeraus41@gmail.com"}}
[debug] [2022-05-24T08:46:56.160Z] [hosting] finalized version for shopping-list-app-d0386:[object Object]
[info] ✔  hosting[shopping-list-app-d0386]: version finalized 
[info] i  hosting[shopping-list-app-d0386]: releasing new version... 
[debug] [2022-05-24T08:46:56.163Z] >>> [apiv2][query] POST https://firebasehosting.googleapis.com/v1beta1/projects/302654429160/sites/shopping-list-app-d0386/releases versionName=projects%2F302654429160%2Fsites%2Fshopping-list-app-d0386%2Fversions%2F15040dc70a4a4400
[debug] [2022-05-24T08:46:56.163Z] >>> [apiv2][body] POST https://firebasehosting.googleapis.com/v1beta1/projects/302654429160/sites/shopping-list-app-d0386/releases {"message":null}
